Using pre-set license
Built from '2020.2/staging' branch; Version is '2020.2.3f1 (8ff31bc5bf5b) revision 9433883'; Using compiler version '192528614'; Build Type 'Release'
OS: 'Windows 10 Pro; OS build 22504.1010; Version 2009; 64bit' Language: 'en' Physical Memory: 32709 MB
BatchMode: 1, IsHumanControllingUs: 0, StartBugReporterOnCrash: 0, Is64bit: 1, IsPro: 0

 COMMAND LINE ARGUMENTS:
C:\Program Files\Unity\Hub\Editor\2020.2.3f1\Editor\Unity.exe
-adb2
-batchMode
-noUpm
-name
AssetImportWorker0
-projectPath
O:/Unity/Future Design/Future Design
-logFile
Logs/AssetImportWorker0.log
-srvPort
11814
Successfully changed project path to: O:/Unity/Future Design/Future Design
O:/Unity/Future Design/Future Design
Using Asset Import Pipeline V2.
Refreshing native plugins compatible for Editor in 19.24 ms, found 0 plugins.
Preloading 0 native plugins for Editor in 0.00 ms.
Initialize engine version: 2020.2.3f1 (8ff31bc5bf5b)
[Subsystems] Discovering subsystems at path C:/Program Files/Unity/Hub/Editor/2020.2.3f1/Editor/Data/Resources/UnitySubsystems
[Subsystems] Discovering subsystems at path O:/Unity/Future Design/Future Design/Assets
GfxDevice: creating device client; threaded=0
Direct3D:
    Version:  Direct3D 11.0 [level 11.1]
    Renderer: AMD Radeon RX 6900 XT (ID=0x73bf)
    Vendor:   
    VRAM:     16081 MB
    Driver:   30.0.13031.5001
Initialize mono
Mono path[0] = 'C:/Program Files/Unity/Hub/Editor/2020.2.3f1/Editor/Data/Managed'
Mono path[1] = 'C:/Program Files/Unity/Hub/Editor/2020.2.3f1/Editor/Data/MonoBleedingEdge/lib/mono/unityjit'
Mono config path = 'C:/Program Files/Unity/Hub/Editor/2020.2.3f1/Editor/Data/MonoBleedingEdge/etc'
Using monoOptions --debugger-agent=transport=dt_socket,embedding=1,server=y,suspend=n,address=127.0.0.1:56040
Begin MonoManager ReloadAssembly
Registering precompiled unity dll's ...
Register platform support module: C:/Program Files/Unity/Hub/Editor/2020.2.3f1/Editor/Data/PlaybackEngines/WebGLSupport/UnityEditor.WebGL.Extensions.dll
Register platform support module: C:/Program Files/Unity/Hub/Editor/2020.2.3f1/Editor/Data/PlaybackEngines/WindowsStandaloneSupport/UnityEditor.WindowsStandalone.Extensions.dll
Registered in 0.001658 seconds.
Native extension for WindowsStandalone target not found
Native extension for WebGL target not found
Refreshing native plugins compatible for Editor in 24.00 ms, found 0 plugins.
Preloading 0 native plugins for Editor in 0.00 ms.
Invoked RoslynAnalysisRunner static constructor.
RoslynAnalysisRunner will not be running.
RoslynAnalysisRunner has terminated.
Mono: successfully reloaded assembly
- Completed reload, in  1.581 seconds
Platform modules already initialized, skipping
Registering precompiled user dll's ...
Registered in 0.000348 seconds.
Begin MonoManager ReloadAssembly
Native extension for WindowsStandalone target not found
Native extension for WebGL target not found
Refreshing native plugins compatible for Editor in 0.21 ms, found 0 plugins.
Preloading 0 native plugins for Editor in 0.00 ms.
Invoked RoslynAnalysisRunner static constructor.
RoslynAnalysisRunner will not be running.
RoslynAnalysisRunner has terminated.
Mono: successfully reloaded assembly
- Completed reload, in  0.617 seconds
Platform modules already initialized, skipping
========================================================================
Worker process is ready to serve import requests
Launched and connected shader compiler UnityShaderCompiler.exe after 0.04 seconds
Refreshing native plugins compatible for Editor in 0.20 ms, found 0 plugins.
Preloading 0 native plugins for Editor in 0.00 ms.
Unloading 1099 Unused Serialized files (Serialized files now loaded: 0)
System memory in use before: 68.1 MB.
System memory in use after: 68.2 MB.

Unloading 10 unused Assets to reduce memory usage. Loaded Objects now: 1554.
Total: 1.623500 ms (FindLiveObjects: 0.140200 ms CreateObjectMapping: 0.025100 ms MarkObjects: 1.378300 ms  DeleteObjects: 0.079000 ms)

========================================================================
Received Import Request.
  path: Assets/_TerrainAutoUpgrade
  artifactKey: Guid(25cb52a60302cf14e876ab58d8da6d5b) Importer(815301076,1909f56bfc062723c751e8b465ee728b)
Start importing Assets/_TerrainAutoUpgrade using Guid(25cb52a60302cf14e876ab58d8da6d5b) Importer(815301076,1909f56bfc062723c751e8b465ee728b)  -> (artifact id: '3190e65c6c6177271dc62bab909acd3c') in 0.010979 seconds
  Import took 0.012698 seconds .

========================================================================
Received Import Request.
  Time since last request: 6.815294 seconds.
  path: Assets/_TerrainAutoUpgrade/layer_Cliff_1_DiffuseCliff_1_Normaleda51f90c7f37482.terrainlayer
  artifactKey: Guid(ed097e2f6db6c6a4a913d9c7228ef3a4) Importer(815301076,1909f56bfc062723c751e8b465ee728b)
Start importing Assets/_TerrainAutoUpgrade/layer_Cliff_1_DiffuseCliff_1_Normaleda51f90c7f37482.terrainlayer using Guid(ed097e2f6db6c6a4a913d9c7228ef3a4) Importer(815301076,1909f56bfc062723c751e8b465ee728b)  -> (artifact id: '0ac23c2d304c8265f747753dd9adbddc') in 0.095668 seconds
  Import took 0.097484 seconds .

========================================================================
Received Import Request.
  Time since last request: 1.086128 seconds.
  path: Assets/_TerrainAutoUpgrade/layer_Cliff_2_DiffuseCliff_2_Normaleda51f90c7f37482.terrainlayer
  artifactKey: Guid(c8b24cb189939ab438197f60b369dbb3) Importer(815301076,1909f56bfc062723c751e8b465ee728b)
Start importing Assets/_TerrainAutoUpgrade/layer_Cliff_2_DiffuseCliff_2_Normaleda51f90c7f37482.terrainlayer using Guid(c8b24cb189939ab438197f60b369dbb3) Importer(815301076,1909f56bfc062723c751e8b465ee728b)  -> (artifact id: '1f82ef9f009cf6a0ffa3615a969e385d') in 0.022539 seconds
  Import took 0.025075 seconds .

========================================================================
Received Import Request.
  Time since last request: 12.990630 seconds.
  path: Assets/Free Island Collection/Environment/Grass
  artifactKey: Guid(c86913ae686abec4499068ede1a90675) Importer(815301076,1909f56bfc062723c751e8b465ee728b)
Start importing Assets/Free Island Collection/Environment/Grass using Guid(c86913ae686abec4499068ede1a90675) Importer(815301076,1909f56bfc062723c751e8b465ee728b)  -> (artifact id: '52d9d6660b05316f5dbd7a535aa96baa') in 0.009319 seconds
  Import took 0.010961 seconds .

========================================================================
Received Import Request.
  Time since last request: 3.342715 seconds.
  path: Assets/Free Island Collection
  artifactKey: Guid(2f24a75d2068cdf4c8e2d5f4aeaa9bb4) Importer(815301076,1909f56bfc062723c751e8b465ee728b)
Start importing Assets/Free Island Collection using Guid(2f24a75d2068cdf4c8e2d5f4aeaa9bb4) Importer(815301076,1909f56bfc062723c751e8b465ee728b)  -> (artifact id: '5d1ec302503d2b52feabd31765e8ba22') in 0.008715 seconds
  Import took 0.010404 seconds .

========================================================================
Received Import Request.
  Time since last request: 7.846614 seconds.
  path: Assets/Free Island Collection/Scenes/Scene 1.unity
  artifactKey: Guid(21395a1af6f566b459cf2f256020dc81) Importer(815301076,1909f56bfc062723c751e8b465ee728b)
Start importing Assets/Free Island Collection/Scenes/Scene 1.unity using Guid(21395a1af6f566b459cf2f256020dc81) Importer(815301076,1909f56bfc062723c751e8b465ee728b)  -> (artifact id: '16844b6589c2d4a6280e9bbd56ffcc4b') in 0.008915 seconds
  Import took 0.010590 seconds .

========================================================================
Received Import Request.
  Time since last request: 11.706091 seconds.
  path: Assets/Free Island Collection/Scenes/Scene 2.unity
  artifactKey: Guid(565db450102e511409619c0e510f2f11) Importer(815301076,1909f56bfc062723c751e8b465ee728b)
Start importing Assets/Free Island Collection/Scenes/Scene 2.unity using Guid(565db450102e511409619c0e510f2f11) Importer(815301076,1909f56bfc062723c751e8b465ee728b)  -> (artifact id: '2caaae5f1da839fc9bfe8e02621faa88') in 0.013058 seconds
  Import took 0.014749 seconds .

========================================================================
Received Import Request.
  Time since last request: 1.681998 seconds.
  path: Assets/Free Island Collection/Scenes/Scene 3.unity
  artifactKey: Guid(71d8ab01ba1810143bc5196b90c9dc80) Importer(815301076,1909f56bfc062723c751e8b465ee728b)
Start importing Assets/Free Island Collection/Scenes/Scene 3.unity using Guid(71d8ab01ba1810143bc5196b90c9dc80) Importer(815301076,1909f56bfc062723c751e8b465ee728b)  -> (artifact id: '1d9f1c2ba912a7c7d9ad5d5c2b39bc47') in 0.008910 seconds
  Import took 0.010598 seconds .

========================================================================
Received Import Request.
  Time since last request: 1.314158 seconds.
  path: Assets/Free Island Collection/Scenes/Scene 4.unity
  artifactKey: Guid(14e56cc4fda44024a9ad0c79b175a8fd) Importer(815301076,1909f56bfc062723c751e8b465ee728b)
Start importing Assets/Free Island Collection/Scenes/Scene 4.unity using Guid(14e56cc4fda44024a9ad0c79b175a8fd) Importer(815301076,1909f56bfc062723c751e8b465ee728b)  -> (artifact id: 'd79c34ebad31b64ff422b0f27b2136ce') in 0.008760 seconds
  Import took 0.010398 seconds .

========================================================================
Received Import Request.
  Time since last request: 1.186836 seconds.
  path: Assets/Free Island Collection/Scenes/Scene 5.unity
  artifactKey: Guid(3ea34c218bf1ede4a88b561bf1a0c9c9) Importer(815301076,1909f56bfc062723c751e8b465ee728b)
Start importing Assets/Free Island Collection/Scenes/Scene 5.unity using Guid(3ea34c218bf1ede4a88b561bf1a0c9c9) Importer(815301076,1909f56bfc062723c751e8b465ee728b)  -> (artifact id: '397edbababa28ec3438a270ba86d4247') in 0.008878 seconds
  Import took 0.010568 seconds .

========================================================================
Received Import Request.
  Time since last request: 10.025034 seconds.
  path: Assets/Free Island Collection/Scenes/Scene 1Settings.lighting
  artifactKey: Guid(b845c04b7f0db124bb5af244c46d10fc) Importer(815301076,1909f56bfc062723c751e8b465ee728b)
Start importing Assets/Free Island Collection/Scenes/Scene 1Settings.lighting using Guid(b845c04b7f0db124bb5af244c46d10fc) Importer(815301076,1909f56bfc062723c751e8b465ee728b) LightingSettings: switching bake backend from 1 to 0.
 -> (artifact id: '22dd77ad837b2b81e55ed7d07f4fb628') in 0.010712 seconds
  Import took 0.012447 seconds .

========================================================================
Received Prepare
Registering precompiled user dll's ...
Registered in 0.000352 seconds.
Begin MonoManager ReloadAssembly
Native extension for WindowsStandalone target not found
Native extension for WebGL target not found
Refreshing native plugins compatible for Editor in 0.23 ms, found 0 plugins.
Preloading 0 native plugins for Editor in 0.00 ms.
Invoked RoslynAnalysisRunner static constructor.
RoslynAnalysisRunner will not be running.
RoslynAnalysisRunner has terminated.
Mono: successfully reloaded assembly
- Completed reload, in  0.598 seconds
Platform modules already initialized, skipping
Refreshing native plugins compatible for Editor in 0.21 ms, found 0 plugins.
Preloading 0 native plugins for Editor in 0.00 ms.
Unloading 1097 Unused Serialized files (Serialized files now loaded: 0)
System memory in use before: 71.3 MB.
System memory in use after: 71.3 MB.

Unloading 5 unused Assets to reduce memory usage. Loaded Objects now: 1564.
Total: 1.606400 ms (FindLiveObjects: 0.148000 ms CreateObjectMapping: 0.028200 ms MarkObjects: 1.370900 ms  DeleteObjects: 0.058400 ms)

========================================================================
Received Import Request.
  Time since last request: 339.741241 seconds.
  path: Assets/IgniteCoders
  artifactKey: Guid(4bcd92a47f65162499cf641f0aa12b23) Importer(815301076,1909f56bfc062723c751e8b465ee728b)
Start importing Assets/IgniteCoders using Guid(4bcd92a47f65162499cf641f0aa12b23) Importer(815301076,1909f56bfc062723c751e8b465ee728b)  -> (artifact id: '8611a17e11a50acd0608d4eca22b3625') in 0.010456 seconds
  Import took 0.012400 seconds .

========================================================================
Received Import Request.
  Time since last request: 0.308127 seconds.
  path: Assets/Scenes
  artifactKey: Guid(dd05510f60893b844b1edc09b4262f10) Importer(815301076,1909f56bfc062723c751e8b465ee728b)
Start importing Assets/Scenes using Guid(dd05510f60893b844b1edc09b4262f10) Importer(815301076,1909f56bfc062723c751e8b465ee728b)  -> (artifact id: 'ff092112516a09930c2ca436cae880c1') in 0.008744 seconds
  Import took 0.010367 seconds .

========================================================================
Received Import Request.
  Time since last request: 2.520923 seconds.
  path: Assets/IgniteCoders/Simple Water Shader/Demo.unity
  artifactKey: Guid(d1c3109bdb54ad54c8a2b2838528e640) Importer(815301076,1909f56bfc062723c751e8b465ee728b)
Start importing Assets/IgniteCoders/Simple Water Shader/Demo.unity using Guid(d1c3109bdb54ad54c8a2b2838528e640) Importer(815301076,1909f56bfc062723c751e8b465ee728b)  -> (artifact id: 'cfea61c8d6d96278ca8639ac5d3573e8') in 0.013305 seconds
  Import took 0.015167 seconds .

========================================================================
Received Prepare
Registering precompiled user dll's ...
Registered in 0.002484 seconds.
Begin MonoManager ReloadAssembly
Native extension for WindowsStandalone target not found
Native extension for WebGL target not found
Refreshing native plugins compatible for Editor in 35.36 ms, found 0 plugins.
Preloading 0 native plugins for Editor in 0.00 ms.
Invoked RoslynAnalysisRunner static constructor.
RoslynAnalysisRunner will not be running.
RoslynAnalysisRunner has terminated.
Mono: successfully reloaded assembly
- Completed reload, in  2.037 seconds
Platform modules already initialized, skipping
Shader 'Universal Render Pipeline/Nature/SpeedTree7': dependency 'BillboardShader' shader 'Universal Render Pipeline/Nature/SpeedTree7 Billboard' not found
Shader 'Universal Render Pipeline/Baked Lit': fallback shader 'Universal Render Pipeline/Unlit' not found
Shader 'Universal Render Pipeline/Simple Lit': fallback shader 'Hidden/Universal Render Pipeline/FallbackError' not found
Shader 'Universal Render Pipeline/Terrain/Lit': fallback shader 'Hidden/Universal Render Pipeline/FallbackError' not found
Shader 'Universal Render Pipeline/Terrain/Lit': dependency 'AddPassShader' shader 'Hidden/Universal Render Pipeline/Terrain/Lit (Add Pass)' not found
Shader 'Universal Render Pipeline/Terrain/Lit': dependency 'BaseMapShader' shader 'Hidden/Universal Render Pipeline/Terrain/Lit (Base Pass)' not found
Shader 'Universal Render Pipeline/Terrain/Lit': dependency 'BaseMapGenShader' shader 'Hidden/Universal Render Pipeline/Terrain/Lit (Basemap Gen)' not found
Shader 'Hidden/Universal Render Pipeline/Terrain/Lit (Add Pass)': fallback shader 'Hidden/Universal Render Pipeline/FallbackError' not found
Shader 'Hidden/Universal Render Pipeline/Terrain/Lit (Base Pass)': fallback shader 'Hidden/Universal Render Pipeline/FallbackError' not found
Shader 'Universal Render Pipeline/Particles/Lit': fallback shader 'Universal Render Pipeline/Particles/SimpleLit' not found
Shader 'Universal Render Pipeline/Particles/Lit': fallback shader 'Universal Render Pipeline/Particles/SimpleLit' not found
Refreshing native plugins compatible for Editor in 0.41 ms, found 0 plugins.
Preloading 0 native plugins for Editor in 0.00 ms.
Unloading 2343 Unused Serialized files (Serialized files now loaded: 0)
System memory in use before: 119.5 MB.
System memory in use after: 116.0 MB.

Unloading 61 unused Assets to reduce memory usage. Loaded Objects now: 2756.
Total: 3.404000 ms (FindLiveObjects: 0.300900 ms CreateObjectMapping: 0.068500 ms MarkObjects: 1.607100 ms  DeleteObjects: 1.426200 ms)

========================================================================
Received Import Request.
  Time since last request: 302.362132 seconds.
  path: Assets/IgniteCoders/Simple Water Shader/Resources/WaterReflection.renderTexture
  artifactKey: Guid(4ae8ae7350b67b44785d874c413a2e03) Importer(815301076,1909f56bfc062723c751e8b465ee728b)
Start importing Assets/IgniteCoders/Simple Water Shader/Resources/WaterReflection.renderTexture using Guid(4ae8ae7350b67b44785d874c413a2e03) Importer(815301076,1909f56bfc062723c751e8b465ee728b)  -> (artifact id: '7f3cac233fcb0244bf02628f2b90cf80') in 0.034463 seconds
  Import took 0.037874 seconds .

========================================================================
Received Import Request.
  Time since last request: 1.352853 seconds.
  path: Assets/IgniteCoders/Simple Water Shader/Resources/WaterReflection.cs
  artifactKey: Guid(dfbe97460f8acd1488a82178305cdf59) Importer(815301076,1909f56bfc062723c751e8b465ee728b)
Start importing Assets/IgniteCoders/Simple Water Shader/Resources/WaterReflection.cs using Guid(dfbe97460f8acd1488a82178305cdf59) Importer(815301076,1909f56bfc062723c751e8b465ee728b)  -> (artifact id: '7ffb315b333ee73322ab2cb98b814a1a') in 0.005613 seconds
  Import took 0.008699 seconds .

========================================================================
Received Import Request.
  Time since last request: 0.001021 seconds.
  path: Assets/IgniteCoders/Simple Water Shader/Resources/WaterReflection.cs
  artifactKey: Guid(dfbe97460f8acd1488a82178305cdf59) Importer(815301076,1909f56bfc062723c751e8b465ee728b)
Start importing Assets/IgniteCoders/Simple Water Shader/Resources/WaterReflection.cs using Guid(dfbe97460f8acd1488a82178305cdf59) Importer(815301076,1909f56bfc062723c751e8b465ee728b)  -> (artifact id: '7ffb315b333ee73322ab2cb98b814a1a') in 0.002066 seconds
  Import took 0.005037 seconds .

========================================================================
Received Import Request.
  Time since last request: 0.418368 seconds.
  path: Assets/IgniteCoders/Simple Water Shader/Resources/WaterBlock_50m.mesh
  artifactKey: Guid(3da23cdf512599b42881988944f3918c) Importer(815301076,1909f56bfc062723c751e8b465ee728b)
Start importing Assets/IgniteCoders/Simple Water Shader/Resources/WaterBlock_50m.mesh using Guid(3da23cdf512599b42881988944f3918c) Importer(815301076,1909f56bfc062723c751e8b465ee728b)  -> (artifact id: '6481cf655a6dfaed7302a471539cd1b0') in 0.210655 seconds
  Import took 0.214084 seconds .

========================================================================
Received Import Request.
  Time since last request: 3.714422 seconds.
  path: Assets/IgniteCoders/Simple Water Shader/Resources/WaterShader.shadergraph
  artifactKey: Guid(dd97de70edf8a4141bee758a2efe7ff8) Importer(815301076,1909f56bfc062723c751e8b465ee728b)
Start importing Assets/IgniteCoders/Simple Water Shader/Resources/WaterShader.shadergraph using Guid(dd97de70edf8a4141bee758a2efe7ff8) Importer(815301076,1909f56bfc062723c751e8b465ee728b)  -> (artifact id: '7d9b3c85cf04c22b05ca609c7dc780f7') in 0.008771 seconds
  Import took 0.011972 seconds .

========================================================================
Received Import Request.
  Time since last request: 0.836192 seconds.
  path: Assets/IgniteCoders/Simple Water Shader/Resources/WaterShader.shadergraph
  artifactKey: Guid(dd97de70edf8a4141bee758a2efe7ff8) Importer(815301076,1909f56bfc062723c751e8b465ee728b)
Start importing Assets/IgniteCoders/Simple Water Shader/Resources/WaterShader.shadergraph using Guid(dd97de70edf8a4141bee758a2efe7ff8) Importer(815301076,1909f56bfc062723c751e8b465ee728b)  -> (artifact id: '7d9b3c85cf04c22b05ca609c7dc780f7') in 0.003276 seconds
  Import took 0.006476 seconds .

========================================================================
Received Prepare
Registering precompiled user dll's ...
Registered in 0.001124 seconds.
Begin MonoManager ReloadAssembly
Native extension for WindowsStandalone target not found
Native extension for WebGL target not found
Refreshing native plugins compatible for Editor in 64.56 ms, found 0 plugins.
Preloading 0 native plugins for Editor in 0.00 ms.
Invoked RoslynAnalysisRunner static constructor.
RoslynAnalysisRunner will not be running.
RoslynAnalysisRunner has terminated.
Mono: successfully reloaded assembly
- Completed reload, in  0.957 seconds
Platform modules already initialized, skipping
Shader 'HDRP/TerrainLit': dependency 'BaseMapGenShader' shader 'Hidden/HDRP/TerrainLit_BasemapGen' not found
Shader 'Universal Render Pipeline/Particles/Lit': fallback shader 'Universal Render Pipeline/Particles/SimpleLit' not found
Shader 'Universal Render Pipeline/Particles/Lit': fallback shader 'Universal Render Pipeline/Particles/SimpleLit' not found
Refreshing native plugins compatible for Editor in 0.67 ms, found 0 plugins.
Preloading 0 native plugins for Editor in 0.00 ms.
Unloading 3587 Unused Serialized files (Serialized files now loaded: 0)
System memory in use before: 175.2 MB.
System memory in use after: 164.6 MB.

Unloading 147 unused Assets to reduce memory usage. Loaded Objects now: 3927.
Total: 8.108900 ms (FindLiveObjects: 0.785300 ms CreateObjectMapping: 0.140900 ms MarkObjects: 1.935900 ms  DeleteObjects: 5.243700 ms)

========================================================================
Received Prepare
Registering precompiled user dll's ...
Registered in 0.001054 seconds.
Begin MonoManager ReloadAssembly
Native extension for WindowsStandalone target not found
Native extension for WebGL target not found
Refreshing native plugins compatible for Editor in 0.61 ms, found 0 plugins.
Preloading 0 native plugins for Editor in 0.00 ms.
Invoked RoslynAnalysisRunner static constructor.
RoslynAnalysisRunner will not be running.
RoslynAnalysisRunner has terminated.
Mono: successfully reloaded assembly
- Completed reload, in  0.805 seconds
Platform modules already initialized, skipping
Shader 'Universal Render Pipeline/Particles/Lit': fallback shader 'Universal Render Pipeline/Particles/SimpleLit' not found
Shader 'Universal Render Pipeline/Particles/Lit': fallback shader 'Universal Render Pipeline/Particles/SimpleLit' not found
Refreshing native plugins compatible for Editor in 0.60 ms, found 0 plugins.
Preloading 0 native plugins for Editor in 0.00 ms.
Unloading 3587 Unused Serialized files (Serialized files now loaded: 0)
System memory in use before: 175.6 MB.
System memory in use after: 164.9 MB.

Unloading 147 unused Assets to reduce memory usage. Loaded Objects now: 3929.
Total: 7.385500 ms (FindLiveObjects: 0.353100 ms CreateObjectMapping: 0.085300 ms MarkObjects: 1.544600 ms  DeleteObjects: 5.400500 ms)

AssetImportParameters requested are different than current active one (requested -> active):
  colorSpace: 1 -> 0
========================================================================
Received Prepare
Shader 'Universal Render Pipeline/Particles/Lit': fallback shader 'Universal Render Pipeline/Particles/SimpleLit' not found
Shader 'Universal Render Pipeline/Particles/Lit': fallback shader 'Universal Render Pipeline/Particles/SimpleLit' not found
Refreshing native plugins compatible for Editor in 0.99 ms, found 0 plugins.
Preloading 0 native plugins for Editor in 0.00 ms.
Unloading 146 Unused Serialized files (Serialized files now loaded: 0)
System memory in use before: 108.4 MB.
System memory in use after: 97.7 MB.

Unloading 145 unused Assets to reduce memory usage. Loaded Objects now: 3930.
Total: 7.888400 ms (FindLiveObjects: 0.434200 ms CreateObjectMapping: 0.083000 ms MarkObjects: 1.766200 ms  DeleteObjects: 5.604000 ms)

AssetImportParameters requested are different than current active one (requested -> active):
  custom:srp/default-shader: 0d000000000000000000000000000000 -> 00a0da0d000000000000000000000000
========================================================================
Received Prepare
Switching render pipeline 47af157eaf3f1e4408468e272a9a2f43 -> 00000000000000000000000000000000
Shader 'Universal Render Pipeline/Particles/Lit': fallback shader 'Universal Render Pipeline/Particles/SimpleLit' not found
Shader 'Universal Render Pipeline/Particles/Lit': fallback shader 'Universal Render Pipeline/Particles/SimpleLit' not found
Refreshing native plugins compatible for Editor in 0.96 ms, found 0 plugins.
Preloading 0 native plugins for Editor in 0.00 ms.
Unloading 145 Unused Serialized files (Serialized files now loaded: 0)
System memory in use before: 108.4 MB.
System memory in use after: 97.7 MB.

Unloading 146 unused Assets to reduce memory usage. Loaded Objects now: 3929.
Total: 7.287600 ms (FindLiveObjects: 0.391100 ms CreateObjectMapping: 0.076100 ms MarkObjects: 1.520300 ms  DeleteObjects: 5.299100 ms)

AssetImportParameters requested are different than current active one (requested -> active):
  custom:srp/default-shader: 0d000000000000000000000000000000 -> 00a0da0d000000000000000000000000
========================================================================
Received Prepare
Shader 'Universal Render Pipeline/Particles/Lit': fallback shader 'Universal Render Pipeline/Particles/SimpleLit' not found
Shader 'Universal Render Pipeline/Particles/Lit': fallback shader 'Universal Render Pipeline/Particles/SimpleLit' not found
Refreshing native plugins compatible for Editor in 0.91 ms, found 0 plugins.
Preloading 0 native plugins for Editor in 0.00 ms.
Unloading 146 Unused Serialized files (Serialized files now loaded: 0)
System memory in use before: 108.3 MB.
System memory in use after: 97.7 MB.

Unloading 145 unused Assets to reduce memory usage. Loaded Objects now: 3930.
Total: 8.197600 ms (FindLiveObjects: 0.307000 ms CreateObjectMapping: 0.082300 ms MarkObjects: 1.770200 ms  DeleteObjects: 6.037000 ms)

AssetImportParameters requested are different than current active one (requested -> active):
  custom:srp/default-shader: 0d000000000000000000000000000000 -> 00a0da0d000000000000000000000000
========================================================================
Received Prepare
Registering precompiled user dll's ...
Registered in 0.001043 seconds.
Begin MonoManager ReloadAssembly
Native extension for WindowsStandalone target not found
Native extension for WebGL target not found
Refreshing native plugins compatible for Editor in 0.60 ms, found 0 plugins.
Preloading 0 native plugins for Editor in 0.00 ms.
Invoked RoslynAnalysisRunner static constructor.
RoslynAnalysisRunner will not be running.
RoslynAnalysisRunner has terminated.
Mono: successfully reloaded assembly
- Completed reload, in  0.821 seconds
Platform modules already initialized, skipping
Shader 'Universal Render Pipeline/Particles/Lit': fallback shader 'Universal Render Pipeline/Particles/SimpleLit' not found
Shader 'Universal Render Pipeline/Particles/Lit': fallback shader 'Universal Render Pipeline/Particles/SimpleLit' not found
Refreshing native plugins compatible for Editor in 0.55 ms, found 0 plugins.
Preloading 0 native plugins for Editor in 0.00 ms.
Unloading 3587 Unused Serialized files (Serialized files now loaded: 0)
System memory in use before: 176.3 MB.
System memory in use after: 165.6 MB.

Unloading 147 unused Assets to reduce memory usage. Loaded Objects now: 3932.
Total: 7.799100 ms (FindLiveObjects: 0.338000 ms CreateObjectMapping: 0.102800 ms MarkObjects: 1.793400 ms  DeleteObjects: 5.563900 ms)

AssetImportParameters requested are different than current active one (requested -> active):
  custom:srp/default-shader: 0d000000000000000000000000000000 -> 00a0da0d000000000000000000000000
========================================================================
Received Import Request.
  Time since last request: 662.896774 seconds.
  path: Assets/IgniteCoders/Simple Water Shader/Resources/WaterShader.shadergraph
  artifactKey: Guid(dd97de70edf8a4141bee758a2efe7ff8) Importer(815301076,1909f56bfc062723c751e8b465ee728b)
Start importing Assets/IgniteCoders/Simple Water Shader/Resources/WaterShader.shadergraph using Guid(dd97de70edf8a4141bee758a2efe7ff8) Importer(815301076,1909f56bfc062723c751e8b465ee728b)  -> (artifact id: '7d4dcb6c12038808d98c1e63f1add488') in 0.017579 seconds
  Import took 0.022904 seconds .

========================================================================
Received Import Request.
  Time since last request: 0.400016 seconds.
  path: Assets/IgniteCoders/Simple Water Shader/Resources/WaterShader.shadergraph
  artifactKey: Guid(dd97de70edf8a4141bee758a2efe7ff8) Importer(815301076,1909f56bfc062723c751e8b465ee728b)
Start importing Assets/IgniteCoders/Simple Water Shader/Resources/WaterShader.shadergraph using Guid(dd97de70edf8a4141bee758a2efe7ff8) Importer(815301076,1909f56bfc062723c751e8b465ee728b)  -> (artifact id: '7d4dcb6c12038808d98c1e63f1add488') in 0.004132 seconds
  Import took 0.009045 seconds .

========================================================================
Received Import Request.
  Time since last request: 73.241036 seconds.
  path: Assets/IgniteCoders/Simple Water Shader/Resources/WaterShader.shadergraph
  artifactKey: Guid(dd97de70edf8a4141bee758a2efe7ff8) Importer(815301076,1909f56bfc062723c751e8b465ee728b)
Start importing Assets/IgniteCoders/Simple Water Shader/Resources/WaterShader.shadergraph using Guid(dd97de70edf8a4141bee758a2efe7ff8) Importer(815301076,1909f56bfc062723c751e8b465ee728b)  -> (artifact id: 'ee0c10bf3edf6ca5f2a7ba057304dbe3') in 0.003540 seconds
  Import took 0.008211 seconds .

========================================================================
Received Import Request.
  Time since last request: 0.394763 seconds.
  path: Assets/IgniteCoders/Simple Water Shader/Resources/WaterShader.shadergraph
  artifactKey: Guid(dd97de70edf8a4141bee758a2efe7ff8) Importer(815301076,1909f56bfc062723c751e8b465ee728b)
Start importing Assets/IgniteCoders/Simple Water Shader/Resources/WaterShader.shadergraph using Guid(dd97de70edf8a4141bee758a2efe7ff8) Importer(815301076,1909f56bfc062723c751e8b465ee728b)  -> (artifact id: 'ee0c10bf3edf6ca5f2a7ba057304dbe3') in 0.003640 seconds
  Import took 0.008502 seconds .

========================================================================
Received Import Request.
  Time since last request: 287.055328 seconds.
  path: Assets/UniversalRenderPipelineAsset.asset
  artifactKey: Guid(fcabdc8a881af584fb6a6cff499d8a76) Importer(815301076,1909f56bfc062723c751e8b465ee728b)
Start importing Assets/UniversalRenderPipelineAsset.asset using Guid(fcabdc8a881af584fb6a6cff499d8a76) Importer(815301076,1909f56bfc062723c751e8b465ee728b)  -> (artifact id: '905947a9cb97c36e9ca986c876b39f52') in 0.040132 seconds
  Import took 0.046097 seconds .

========================================================================
Received Import Request.
  Time since last request: 4.333576 seconds.
  path: Assets/UniversalRenderPipelineAsset_Renderer.asset
  artifactKey: Guid(88f69d047bc336245b892f1ca2a466fc) Importer(815301076,1909f56bfc062723c751e8b465ee728b)
Start importing Assets/UniversalRenderPipelineAsset_Renderer.asset using Guid(88f69d047bc336245b892f1ca2a466fc) Importer(815301076,1909f56bfc062723c751e8b465ee728b)  -> (artifact id: 'e22a37af7d566277298f95b3a69020cc') in 0.027569 seconds
  Import took 0.033546 seconds .

========================================================================
Received Import Request.
  Time since last request: 33.343932 seconds.
  path: Assets/HDRPDefaultResources
  artifactKey: Guid(92008e183cf044440bbdc4085b44a1e7) Importer(815301076,1909f56bfc062723c751e8b465ee728b)
Start importing Assets/HDRPDefaultResources using Guid(92008e183cf044440bbdc4085b44a1e7) Importer(815301076,1909f56bfc062723c751e8b465ee728b)  -> (artifact id: '2b883320db5c3143092237911a274fe4') in 0.006650 seconds
  Import took 0.011315 seconds .

========================================================================
Received Import Request.
  Time since last request: 0.002633 seconds.
  path: Assets/HDRPDefaultResources
  artifactKey: Guid(92008e183cf044440bbdc4085b44a1e7) Importer(815301076,1909f56bfc062723c751e8b465ee728b)
Start importing Assets/HDRPDefaultResources using Guid(92008e183cf044440bbdc4085b44a1e7) Importer(815301076,1909f56bfc062723c751e8b465ee728b)  -> (artifact id: '2b883320db5c3143092237911a274fe4') in 0.002051 seconds
  Import took 0.006706 seconds .

========================================================================
Received Prepare
Registering precompiled user dll's ...
Registered in 0.001311 seconds.
Begin MonoManager ReloadAssembly
Native extension for WindowsStandalone target not found
Native extension for WebGL target not found
Refreshing native plugins compatible for Editor in 0.60 ms, found 0 plugins.
Preloading 0 native plugins for Editor in 0.00 ms.
Invoked RoslynAnalysisRunner static constructor.
RoslynAnalysisRunner will not be running.
RoslynAnalysisRunner has terminated.
Mono: successfully reloaded assembly
- Completed reload, in  0.822 seconds
Platform modules already initialized, skipping
Switching render pipeline 47af157eaf3f1e4408468e272a9a2f43 -> 00000000000000000000000000000000
Shader 'Universal Render Pipeline/Particles/Lit': fallback shader 'Universal Render Pipeline/Particles/SimpleLit' not found
Shader 'Universal Render Pipeline/Particles/Lit': fallback shader 'Universal Render Pipeline/Particles/SimpleLit' not found
Refreshing native plugins compatible for Editor in 0.55 ms, found 0 plugins.
Preloading 0 native plugins for Editor in 0.00 ms.
Unloading 3584 Unused Serialized files (Serialized files now loaded: 0)
System memory in use before: 176.3 MB.
System memory in use after: 165.6 MB.

Unloading 150 unused Assets to reduce memory usage. Loaded Objects now: 3931.
Total: 8.712000 ms (FindLiveObjects: 0.506300 ms CreateObjectMapping: 0.101100 ms MarkObjects: 2.017900 ms  DeleteObjects: 6.085800 ms)

========================================================================
Received Import Request.
  Time since last request: 15.482114 seconds.
  path: Assets/Scenes/SampleScene.unity
  artifactKey: Guid(9fc0d4010bbf28b4594072e72b8655ab) Importer(815301076,1909f56bfc062723c751e8b465ee728b)
Start importing Assets/Scenes/SampleScene.unity using Guid(9fc0d4010bbf28b4594072e72b8655ab) Importer(815301076,1909f56bfc062723c751e8b465ee728b)  -> (artifact id: 'a0ba9fd0a808516969c642a6079d4ee5') in 0.020078 seconds
  Import took 0.024882 seconds .

========================================================================
Received Prepare
Registering precompiled user dll's ...
Registered in 0.001010 seconds.
Begin MonoManager ReloadAssembly
Native extension for WindowsStandalone target not found
Native extension for WebGL target not found
Refreshing native plugins compatible for Editor in 0.61 ms, found 0 plugins.
Preloading 0 native plugins for Editor in 0.00 ms.
Invoked RoslynAnalysisRunner static constructor.
RoslynAnalysisRunner will not be running.
RoslynAnalysisRunner has terminated.
Mono: successfully reloaded assembly
- Completed reload, in  0.803 seconds
Platform modules already initialized, skipping
Shader 'Universal Render Pipeline/Particles/Lit': fallback shader 'Universal Render Pipeline/Particles/SimpleLit' not found
Shader 'Universal Render Pipeline/Particles/Lit': fallback shader 'Universal Render Pipeline/Particles/SimpleLit' not found
Refreshing native plugins compatible for Editor in 0.81 ms, found 0 plugins.
Preloading 0 native plugins for Editor in 0.00 ms.
Unloading 3587 Unused Serialized files (Serialized files now loaded: 0)
System memory in use before: 175.6 MB.
System memory in use after: 165.0 MB.

Unloading 147 unused Assets to reduce memory usage. Loaded Objects now: 3935.
Total: 8.050400 ms (FindLiveObjects: 0.347400 ms CreateObjectMapping: 0.085400 ms MarkObjects: 1.833500 ms  DeleteObjects: 5.783200 ms)

========================================================================
Received Prepare
Registering precompiled user dll's ...
Registered in 0.001140 seconds.
Begin MonoManager ReloadAssembly
Native extension for WindowsStandalone target not found
Native extension for WebGL target not found
Refreshing native plugins compatible for Editor in 0.59 ms, found 0 plugins.
Preloading 0 native plugins for Editor in 0.00 ms.
Invoked RoslynAnalysisRunner static constructor.
RoslynAnalysisRunner will not be running.
RoslynAnalysisRunner has terminated.
Mono: successfully reloaded assembly
- Completed reload, in  0.787 seconds
Platform modules already initialized, skipping
Shader 'Universal Render Pipeline/Particles/Lit': fallback shader 'Universal Render Pipeline/Particles/SimpleLit' not found
Shader 'Universal Render Pipeline/Particles/Lit': fallback shader 'Universal Render Pipeline/Particles/SimpleLit' not found
Refreshing native plugins compatible for Editor in 0.55 ms, found 0 plugins.
Preloading 0 native plugins for Editor in 0.00 ms.
Unloading 3587 Unused Serialized files (Serialized files now loaded: 0)
System memory in use before: 175.6 MB.
System memory in use after: 165.0 MB.

Unloading 147 unused Assets to reduce memory usage. Loaded Objects now: 3937.
Total: 8.593200 ms (FindLiveObjects: 0.327600 ms CreateObjectMapping: 0.087100 ms MarkObjects: 1.894500 ms  DeleteObjects: 6.282800 ms)

========================================================================
Received Prepare
Registering precompiled user dll's ...
Registered in 0.001079 seconds.
Begin MonoManager ReloadAssembly
Native extension for WindowsStandalone target not found
Native extension for WebGL target not found
Refreshing native plugins compatible for Editor in 0.61 ms, found 0 plugins.
Preloading 0 native plugins for Editor in 0.00 ms.
Invoked RoslynAnalysisRunner static constructor.
RoslynAnalysisRunner will not be running.
RoslynAnalysisRunner has terminated.
Mono: successfully reloaded assembly
- Completed reload, in  0.809 seconds
Platform modules already initialized, skipping
Shader 'Universal Render Pipeline/Particles/Lit': fallback shader 'Universal Render Pipeline/Particles/SimpleLit' not found
Shader 'Universal Render Pipeline/Particles/Lit': fallback shader 'Universal Render Pipeline/Particles/SimpleLit' not found
Refreshing native plugins compatible for Editor in 0.62 ms, found 0 plugins.
Preloading 0 native plugins for Editor in 0.00 ms.
Unloading 3584 Unused Serialized files (Serialized files now loaded: 0)
System memory in use before: 175.6 MB.
System memory in use after: 164.9 MB.

Unloading 149 unused Assets to reduce memory usage. Loaded Objects now: 3937.
Total: 8.874000 ms (FindLiveObjects: 0.374600 ms CreateObjectMapping: 0.087900 ms MarkObjects: 1.807400 ms  DeleteObjects: 6.602800 ms)

========================================================================
Received Import Request.
  Time since last request: 525.511072 seconds.
  path: Assets/UniversalRenderPipelineAsset_Renderer.asset
  artifactKey: Guid(88f69d047bc336245b892f1ca2a466fc) Importer(815301076,1909f56bfc062723c751e8b465ee728b)
Start importing Assets/UniversalRenderPipelineAsset_Renderer.asset using Guid(88f69d047bc336245b892f1ca2a466fc) Importer(815301076,1909f56bfc062723c751e8b465ee728b)  -> (artifact id: '01738bd1eeac80b500771bb1ebc07f4f') in 0.034816 seconds
  Import took 0.040702 seconds .

========================================================================
Received Prepare
Registering precompiled user dll's ...
Registered in 0.001845 seconds.
Begin MonoManager ReloadAssembly
Native extension for WindowsStandalone target not found
Native extension for WebGL target not found
Refreshing native plugins compatible for Editor in 0.62 ms, found 0 plugins.
Preloading 0 native plugins for Editor in 0.00 ms.
Invoked RoslynAnalysisRunner static constructor.
RoslynAnalysisRunner will not be running.
RoslynAnalysisRunner has terminated.
Mono: successfully reloaded assembly
- Completed reload, in  0.780 seconds
Platform modules already initialized, skipping
Shader 'Universal Render Pipeline/Particles/Lit': fallback shader 'Universal Render Pipeline/Particles/SimpleLit' not found
Shader 'Universal Render Pipeline/Particles/Lit': fallback shader 'Universal Render Pipeline/Particles/SimpleLit' not found
Refreshing native plugins compatible for Editor in 0.63 ms, found 0 plugins.
Preloading 0 native plugins for Editor in 0.00 ms.
Unloading 3697 Unused Serialized files (Serialized files now loaded: 0)
System memory in use before: 192.6 MB.
System memory in use after: 169.9 MB.

Unloading 174 unused Assets to reduce memory usage. Loaded Objects now: 4026.
Total: 9.604700 ms (FindLiveObjects: 0.343200 ms CreateObjectMapping: 0.088500 ms MarkObjects: 1.756500 ms  DeleteObjects: 7.415500 ms)

========================================================================
Received Import Request.
  Time since last request: 98.649742 seconds.
  path: Assets/#NVJOB Water Shaders V2/Example Scenes/Scenes/Example 2
  artifactKey: Guid(41b63dd6e5924d9c8a6c35eefcc12e01) Importer(815301076,1909f56bfc062723c751e8b465ee728b)
Start importing Assets/#NVJOB Water Shaders V2/Example Scenes/Scenes/Example 2 using Guid(41b63dd6e5924d9c8a6c35eefcc12e01) Importer(815301076,1909f56bfc062723c751e8b465ee728b)  -> (artifact id: '40cfa94357e26922f422aef2911cd49d') in 0.016735 seconds
  Import took 0.021894 seconds .

========================================================================
Received Import Request.
  Time since last request: 0.314808 seconds.
  path: Assets/#NVJOB Water Shaders V2/Example Scenes/Scenes/Example 0.unity
  artifactKey: Guid(3d69c09a03614051b70d62b25dc7ff45) Importer(815301076,1909f56bfc062723c751e8b465ee728b)
Start importing Assets/#NVJOB Water Shaders V2/Example Scenes/Scenes/Example 0.unity using Guid(3d69c09a03614051b70d62b25dc7ff45) Importer(815301076,1909f56bfc062723c751e8b465ee728b)  -> (artifact id: '42895597842c4f6eed933e892e25c351') in 0.013116 seconds
  Import took 0.017783 seconds .

========================================================================
Received Prepare
Registering precompiled user dll's ...
Registered in 0.001503 seconds.
Begin MonoManager ReloadAssembly
Native extension for WindowsStandalone target not found
Native extension for WebGL target not found
Refreshing native plugins compatible for Editor in 0.61 ms, found 0 plugins.
Preloading 0 native plugins for Editor in 0.00 ms.
Invoked RoslynAnalysisRunner static constructor.
RoslynAnalysisRunner will not be running.
RoslynAnalysisRunner has terminated.
Mono: successfully reloaded assembly
- Completed reload, in  0.765 seconds
Platform modules already initialized, skipping
Shader 'Universal Render Pipeline/Particles/Lit': fallback shader 'Universal Render Pipeline/Particles/SimpleLit' not found
Shader 'Universal Render Pipeline/Particles/Lit': fallback shader 'Universal Render Pipeline/Particles/SimpleLit' not found
Refreshing native plugins compatible for Editor in 0.58 ms, found 0 plugins.
Preloading 0 native plugins for Editor in 0.00 ms.
Unloading 3696 Unused Serialized files (Serialized files now loaded: 0)
System memory in use before: 192.6 MB.
System memory in use after: 169.8 MB.

Unloading 174 unused Assets to reduce memory usage. Loaded Objects now: 4028.
Total: 11.033900 ms (FindLiveObjects: 0.354600 ms CreateObjectMapping: 0.088900 ms MarkObjects: 1.847800 ms  DeleteObjects: 8.741400 ms)

AssetImportWorkerClient::OnTransportError - code=2 error=End of file
